<?xml version="1.0" encoding="UTF-8" ?>
<testsuite tests="2" failures="1" name="CucumberTest" time="10.247" errors="0" skipped="0">
  <properties>
[...]
</properties>
  <testcase classname="EMPTY_NAME" name="Client sign up sucessfully" time="8.618"/>
  <testcase classname="EMPTY_NAME" name="Client sign up failed" time="1.629">
    <failure message="expected:&lt;[fals]e&gt; but was:&lt;[tru]e&gt;" type="org.junit.ComparisonFailure">org.junit.ComparisonFailure: expected:&lt;[fals]e&gt; but was:&lt;[tru]e&gt;
	at java.base/jdk.internal.reflect.NativeConstructorAccessorImpl.newInstance0(Native Method)
	at java.base/jdk.internal.reflect.NativeConstructorAccessorImpl.newInstance(NativeConstructorAccessorImpl.java:62)
	at java.base/jdk.internal.reflect.DelegatingConstructorAccessorImpl.newInstance(DelegatingConstructorAccessorImpl.java:45)
	at com.juliangb.framework.stepdefinitions.SignUpStepDefinitions.he_should_be_told_that_the_account_was_not_created(SignUpStepDefinitions.java:54)
	at ✽.He should be told that the account was not created(file:///C:/Users/USER.JULIANGB/Desktop/Automation/SeleniumFramework/src/test/resources/features/sign_up.feature:10)
</failure>
    <system-out>
Scenario: Client sign up failed                           &amp;#27;[90m# src/test/resources/features/sign_up.feature:7&amp;#27;[0m
  &amp;#27;[32mGiven &amp;#27;[0m&amp;#27;[32mThe client wants to have an account&amp;#27;[0m               &amp;#27;[90m# com.juliangb.framework.stepdefinitions.SignUpStepDefinitions.the_client_wants_to_have_an_account()&amp;#27;[0m
  &amp;#27;[32mWhen &amp;#27;[0m&amp;#27;[32mHe send required information to get the account&amp;#27;[0m    &amp;#27;[90m# com.juliangb.framework.stepdefinitions.SignUpStepDefinitions.he_send_required_information_to_get_the_account()&amp;#27;[0m
  &amp;#27;[31mThen &amp;#27;[0m&amp;#27;[31mHe should be told that the account was not created&amp;#27;[0m &amp;#27;[90m# com.juliangb.framework.stepdefinitions.SignUpStepDefinitions.he_should_be_told_that_the_account_was_not_created()&amp;#27;[0m
      &amp;#27;[31morg.junit.ComparisonFailure: expected:&lt;[fals]e&gt; but was:&lt;[tru]e&gt;
	at java.base/jdk.internal.reflect.NativeConstructorAccessorImpl.newInstance0(Native Method)
	at java.base/jdk.internal.reflect.NativeConstructorAccessorImpl.newInstance(NativeConstructorAccessorImpl.java:62)
	at java.base/jdk.internal.reflect.DelegatingConstructorAccessorImpl.newInstance(DelegatingConstructorAccessorImpl.java:45)
	at com.juliangb.framework.stepdefinitions.SignUpStepDefinitions.he_should_be_told_that_the_account_was_not_created(SignUpStepDefinitions.java:54)
	at âœ½.He should be told that the account was not created(file:///C:/Users/USER.JULIANGB/Desktop/Automation/SeleniumFramework/src/test/resources/features/sign_up.feature:10)
&amp;#27;[0m

    Embedding 30c90c7b-3025-48de-b880-e4a4a9911606 [image/png 52640 bytes]

</system-out>
  </testcase>
</testsuite>